<?xml version="1.0" encoding="UTF-8"?>
<!-- Generated by org.testng.reporters.JUnitReportReporter -->
<testsuite skipped="0" hostname="nagireddy-PC" name="com.primusbank.tests.PrimusBankAdminTest" tests="1" failures="0" timestamp="25 Feb 2019 04:30:15 GMT" time="16.756" errors="0">
  <testcase name="batchTest" time="16.756" classname="com.primusbank.tests.PrimusBankAdminTest"/>
</testsuite> <!-- com.primusbank.tests.PrimusBankAdminTest -->
